Copyright 1986-2020 Xilinx, Inc. All Rights Reserved.
-----------------------------------------------------------------------------------------------------------------------------
| Tool Version : Vivado v.2020.1 (win64) Build 2902540 Wed May 27 19:54:49 MDT 2020
| Date         : Sun Nov  7 22:28:52 2021
| Host         : DESKTOP-SJO1R2H running 64-bit major release  (build 9200)
| Command      : report_utilization -file design_1_wrapper_utilization_placed.rpt -pb design_1_wrapper_utilization_placed.pb
| Design       : design_1_wrapper
| Device       : xczu3egsbva484-1
| Design State : Fully Placed
-----------------------------------------------------------------------------------------------------------------------------

Utilization Design Information

Table of Contents
-----------------
1. CLB Logic
1.1 Summary of Registers by Type
2. CLB Logic Distribution
3. BLOCKRAM
4. ARITHMETIC
5. I/O
6. CLOCK
7. ADVANCED
8. CONFIGURATION
9. Primitives
10. Black Boxes
11. Instantiated Netlists

1. CLB Logic
------------

+----------------------------+-------+-------+-----------+-------+
|          Site Type         |  Used | Fixed | Available | Util% |
+----------------------------+-------+-------+-----------+-------+
| CLB LUTs                   | 17923 |     0 |     70560 | 25.40 |
|   LUT as Logic             | 16558 |     0 |     70560 | 23.47 |
|   LUT as Memory            |  1365 |     0 |     28800 |  4.74 |
|     LUT as Distributed RAM |   730 |     0 |           |       |
|     LUT as Shift Register  |   635 |     0 |           |       |
| CLB Registers              | 25677 |     0 |    141120 | 18.20 |
|   Register as Flip Flop    | 25677 |     0 |    141120 | 18.20 |
|   Register as Latch        |     0 |     0 |    141120 |  0.00 |
| CARRY8                     |   588 |     0 |      8820 |  6.67 |
| F7 Muxes                   |   438 |     0 |     35280 |  1.24 |
| F8 Muxes                   |     8 |     0 |     17640 |  0.05 |
| F9 Muxes                   |     0 |     0 |      8820 |  0.00 |
+----------------------------+-------+-------+-----------+-------+


1.1 Summary of Registers by Type
--------------------------------

+-------+--------------+-------------+--------------+
| Total | Clock Enable | Synchronous | Asynchronous |
+-------+--------------+-------------+--------------+
| 0     |            _ |           - |            - |
| 0     |            _ |           - |          Set |
| 0     |            _ |           - |        Reset |
| 0     |            _ |         Set |            - |
| 0     |            _ |       Reset |            - |
| 0     |          Yes |           - |            - |
| 0     |          Yes |           - |          Set |
| 0     |          Yes |           - |        Reset |
| 250   |          Yes |         Set |            - |
| 25427 |          Yes |       Reset |            - |
+-------+--------------+-------------+--------------+


2. CLB Logic Distribution
-------------------------

+--------------------------------------------+-------+-------+-----------+-------+
|                  Site Type                 |  Used | Fixed | Available | Util% |
+--------------------------------------------+-------+-------+-----------+-------+
| CLB                                        |  4252 |     0 |      8820 | 48.21 |
|   CLBL                                     |  2346 |     0 |           |       |
|   CLBM                                     |  1906 |     0 |           |       |
| LUT as Logic                               | 16558 |     0 |     70560 | 23.47 |
|   using O5 output only                     |   414 |       |           |       |
|   using O6 output only                     | 10593 |       |           |       |
|   using O5 and O6                          |  5551 |       |           |       |
| LUT as Memory                              |  1365 |     0 |     28800 |  4.74 |
|   LUT as Distributed RAM                   |   730 |     0 |           |       |
|     using O5 output only                   |     0 |       |           |       |
|     using O6 output only                   |     2 |       |           |       |
|     using O5 and O6                        |   728 |       |           |       |
|   LUT as Shift Register                    |   635 |     0 |           |       |
|     using O5 output only                   |     6 |       |           |       |
|     using O6 output only                   |   521 |       |           |       |
|     using O5 and O6                        |   108 |       |           |       |
| CLB Registers                              | 25677 |     0 |    141120 | 18.20 |
|   Register driven from within the CLB      | 12275 |       |           |       |
|   Register driven from outside the CLB     | 13402 |       |           |       |
|     LUT in front of the register is unused | 10500 |       |           |       |
|     LUT in front of the register is used   |  2902 |       |           |       |
| Unique Control Sets                        |  1058 |       |     17640 |  6.00 |
+--------------------------------------------+-------+-------+-----------+-------+
* * Note: Available Control Sets calculated as Slices * 2, Review the Control Sets Report for more information regarding control sets.


3. BLOCKRAM
-----------

+-------------------+------+-------+-----------+-------+
|     Site Type     | Used | Fixed | Available | Util% |
+-------------------+------+-------+-----------+-------+
| Block RAM Tile    |    3 |     0 |       216 |  1.39 |
|   RAMB36/FIFO*    |    3 |     0 |       216 |  1.39 |
|     RAMB36E2 only |    3 |       |           |       |
|   RAMB18          |    0 |     0 |       432 |  0.00 |
+-------------------+------+-------+-----------+-------+
* Note: Each Block RAM Tile only has one FIFO logic available and therefore can accommodate only one FIFO36E2 or one FIFO18E2. However, if a FIFO18E2 occupies a Block RAM Tile, that tile can still accommodate a RAMB18E2


4. ARITHMETIC
-------------

+----------------+------+-------+-----------+-------+
|    Site Type   | Used | Fixed | Available | Util% |
+----------------+------+-------+-----------+-------+
| DSPs           |  181 |     0 |       360 | 50.28 |
|   DSP48E2 only |  181 |       |           |       |
+----------------+------+-------+-----------+-------+


5. I/O
------

+------------------+------+-------+-----------+-------+
|     Site Type    | Used | Fixed | Available | Util% |
+------------------+------+-------+-----------+-------+
| Bonded IOB       |    0 |     0 |        82 |  0.00 |
| HPIOB_M          |    0 |     0 |        26 |  0.00 |
| HPIOB_S          |    0 |     0 |        26 |  0.00 |
| HDIOB_M          |    0 |     0 |        12 |  0.00 |
| HDIOB_S          |    0 |     0 |        12 |  0.00 |
| HPIOB_SNGL       |    0 |     0 |         6 |  0.00 |
| HPIOBDIFFINBUF   |    0 |     0 |        72 |  0.00 |
| HPIOBDIFFOUTBUF  |    0 |     0 |        72 |  0.00 |
| HDIOBDIFFINBUF   |    0 |     0 |        48 |  0.00 |
| BITSLICE_CONTROL |    0 |     0 |        24 |  0.00 |
| BITSLICE_RX_TX   |    0 |     0 |       156 |  0.00 |
| BITSLICE_TX      |    0 |     0 |        24 |  0.00 |
| RIU_OR           |    0 |     0 |        12 |  0.00 |
+------------------+------+-------+-----------+-------+


6. CLOCK
--------

+----------------------+------+-------+-----------+-------+
|       Site Type      | Used | Fixed | Available | Util% |
+----------------------+------+-------+-----------+-------+
| GLOBAL CLOCK BUFFERs |    2 |     0 |       196 |  1.02 |
|   BUFGCE             |    1 |     0 |        88 |  1.14 |
|   BUFGCE_DIV         |    0 |     0 |        12 |  0.00 |
|   BUFG_PS            |    1 |     0 |        72 |  1.39 |
|   BUFGCTRL*          |    0 |     0 |        24 |  0.00 |
| PLL                  |    0 |     0 |         6 |  0.00 |
| MMCM                 |    0 |     0 |         3 |  0.00 |
+----------------------+------+-------+-----------+-------+
* Note: Each used BUFGCTRL counts as two GLOBAL CLOCK BUFFERs. This table does not include global clocking resources, only buffer cell usage. See the Clock Utilization Report (report_clock_utilization) for detailed accounting of global clocking resource availability.


7. ADVANCED
-----------

+-----------+------+-------+-----------+--------+
| Site Type | Used | Fixed | Available |  Util% |
+-----------+------+-------+-----------+--------+
| PS8       |    1 |     0 |         1 | 100.00 |
| SYSMONE4  |    0 |     0 |         1 |   0.00 |
+-----------+------+-------+-----------+--------+


8. CONFIGURATION
----------------

+-------------+------+-------+-----------+-------+
|  Site Type  | Used | Fixed | Available | Util% |
+-------------+------+-------+-----------+-------+
| BSCANE2     |    0 |     0 |         4 |  0.00 |
| DNA_PORTE2  |    0 |     0 |         1 |  0.00 |
| EFUSE_USR   |    0 |     0 |         1 |  0.00 |
| FRAME_ECCE4 |    0 |     0 |         1 |  0.00 |
| ICAPE3      |    0 |     0 |         2 |  0.00 |
| MASTER_JTAG |    0 |     0 |         1 |  0.00 |
| STARTUPE3   |    0 |     0 |         1 |  0.00 |
+-------------+------+-------+-----------+-------+


9. Primitives
-------------

+----------+-------+---------------------+
| Ref Name |  Used | Functional Category |
+----------+-------+---------------------+
| FDRE     | 25427 |            Register |
| LUT3     |  5568 |                 CLB |
| LUT6     |  5376 |                 CLB |
| LUT4     |  4661 |                 CLB |
| LUT5     |  3719 |                 CLB |
| LUT2     |  2532 |                 CLB |
| RAMD32   |  1308 |                 CLB |
| SRL16E   |   694 |                 CLB |
| CARRY8   |   588 |                 CLB |
| MUXF7    |   438 |                 CLB |
| LUT1     |   253 |                 CLB |
| FDSE     |   250 |            Register |
| DSP48E2  |   181 |          Arithmetic |
| RAMS32   |   150 |                 CLB |
| SRLC32E  |    49 |                 CLB |
| MUXF8    |     8 |                 CLB |
| RAMB36E2 |     3 |           Block Ram |
| PS8      |     1 |            Advanced |
| BUFG_PS  |     1 |               Clock |
| BUFGCE   |     1 |               Clock |
+----------+-------+---------------------+


10. Black Boxes
---------------

+----------+------+
| Ref Name | Used |
+----------+------+


11. Instantiated Netlists
-------------------------

+------------------------------+------+
|           Ref Name           | Used |
+------------------------------+------+
| design_1_zynq_ultra_ps_e_0_0 |    1 |
| design_1_rst_ps8_0_100M_1    |    1 |
| design_1_hard_cnn_0_10       |    1 |
| design_1_axi_smc_1           |    1 |
| design_1_axi_dma_0_0         |    1 |
| design_1_auto_pc_0           |    1 |
+------------------------------+------+


